iNaturalist/build/intermediates/manifest_merge_blame_file/debug/manifest-merger-blame-debug-report.txt
1<?xml version="1.0" encoding="utf-8"?>
2<manifest xmlns:android="http://schemas.android.com/apk/res/android"
3    package="org.inaturalist.android"
4    android:installLocation="auto"
5    android:versionCode="508"
6    android:versionName="1.23.19" >
7
8    <uses-sdk
9        android:minSdkVersion="23"
9-->src/main/AndroidManifest.xml
10        android:targetSdkVersion="30" />
10-->src/main/AndroidManifest.xml
11
12    <uses-permission android:name="android.permission.INTERNET" />
12-->src/main/AndroidManifest.xml:9:5-67
12-->src/main/AndroidManifest.xml:9:22-64
13    <uses-permission android:name="android.permission.WRITE_EXTERNAL_STORAGE" />
13-->src/main/AndroidManifest.xml:10:5-81
13-->src/main/AndroidManifest.xml:10:22-78
14    <uses-permission android:name="android.permission.ACCESS_FINE_LOCATION" />
14-->src/main/AndroidManifest.xml:11:5-79
14-->src/main/AndroidManifest.xml:11:22-76
15    <uses-permission android:name="android.permission.USE_CREDENTIALS" />
15-->src/main/AndroidManifest.xml:12:5-74
15-->src/main/AndroidManifest.xml:12:22-71
16    <uses-permission android:name="android.permission.ACCESS_COARSE_LOCATION" />
16-->src/main/AndroidManifest.xml:13:5-81
16-->src/main/AndroidManifest.xml:13:22-78
17    <uses-permission android:name="android.permission.ACCESS_MEDIA_LOCATION" />
17-->src/main/AndroidManifest.xml:14:5-80
17-->src/main/AndroidManifest.xml:14:22-77
18    <uses-permission android:name="android.permission.ACCESS_NETWORK_STATE" />
18-->src/main/AndroidManifest.xml:15:5-79
18-->src/main/AndroidManifest.xml:15:22-76
19    <uses-permission android:name="android.permission.CAMERA" />
19-->src/main/AndroidManifest.xml:16:5-65
19-->src/main/AndroidManifest.xml:16:22-62
20    <uses-permission android:name="android.permission.GET_ACCOUNTS" />
20-->src/main/AndroidManifest.xml:17:5-71
20-->src/main/AndroidManifest.xml:17:22-68
21    <uses-permission android:name="android.permission.RECORD_AUDIO" />
21-->src/main/AndroidManifest.xml:18:5-71
21-->src/main/AndroidManifest.xml:18:22-68
22    <uses-permission android:name="com.google.android.providers.gsf.permission.READ_GSERVICES" />
22-->src/main/AndroidManifest.xml:19:5-98
22-->src/main/AndroidManifest.xml:19:22-95
23    <uses-permission android:name="android.permission.FOREGROUND_SERVICE" />
23-->src/main/AndroidManifest.xml:20:5-77
23-->src/main/AndroidManifest.xml:20:22-74
24
25    <uses-feature android:name="android.hardware.location.gps" />
25-->src/main/AndroidManifest.xml:22:5-66
25-->src/main/AndroidManifest.xml:22:19-63
26
27    <permission
27-->src/main/AndroidManifest.xml:24:5-26:47
28        android:name="org.inaturalist.android.permission.MAPS_RECEIVE"
28-->src/main/AndroidManifest.xml:25:9-71
29        android:protectionLevel="signature" />
29-->src/main/AndroidManifest.xml:26:9-44
30
31    <uses-permission android:name="org.inaturalist.android.permission.MAPS_RECEIVE" />
31-->src/main/AndroidManifest.xml:28:5-87
31-->src/main/AndroidManifest.xml:28:22-84
32
33    <uses-feature
33-->src/main/AndroidManifest.xml:30:5-32:35
34        android:glEsVersion="0x00020000"
34-->src/main/AndroidManifest.xml:31:9-41
35        android:required="true" />
35-->src/main/AndroidManifest.xml:32:9-32
36
37    <uses-permission android:name="android.permission.ACCESS_WIFI_STATE" /> <!-- Required by older versions of Google Play services to create GCM registration tokens -->
37-->[com.google.android.libraries.places:places:2.5.0] AndroidManifest.xml:10:5-76
37-->[com.google.android.libraries.places:places:2.5.0] AndroidManifest.xml:10:22-73
38    <uses-permission android:name="com.google.android.c2dm.permission.RECEIVE" />
38-->[com.google.android.gms:play-services-gcm:17.0.0] AndroidManifest.xml:23:5-82
38-->[com.google.android.gms:play-services-gcm:17.0.0] AndroidManifest.xml:23:22-79
39    <uses-permission android:name="com.google.android.finsky.permission.BIND_GET_INSTALL_REFERRER_SERVICE" />
39-->[com.android.installreferrer:installreferrer:1.0] AndroidManifest.xml:9:5-110
39-->[com.android.installreferrer:installreferrer:1.0] AndroidManifest.xml:9:22-107
40
41    <application
41-->src/main/AndroidManifest.xml:34:5-756:19
42        android:name="org.inaturalist.android.INaturalistApp"
42-->src/main/AndroidManifest.xml:35:9-39
43        android:allowBackup="true"
43-->[:smoothrescale] AndroidManifest.xml:12:9-35
44        android:appComponentFactory="androidx.core.app.CoreComponentFactory"
44-->[androidx.core:core:1.5.0] AndroidManifest.xml:24:18-86
45        android:debuggable="true"
46        android:extractNativeLibs="false"
47        android:icon="@mipmap/app_icon"
47-->src/main/AndroidManifest.xml:38:9-40
48        android:label="@string/app_title"
48-->src/main/AndroidManifest.xml:37:9-42
49        android:largeHeap="true"
49-->src/main/AndroidManifest.xml:39:9-33
50        android:requestLegacyExternalStorage="true"
50-->src/main/AndroidManifest.xml:41:9-52
51        android:supportsRtl="true"
51-->src/main/AndroidManifest.xml:40:9-35
52        android:testOnly="true"
53        android:theme="@style/iNatAppTheme" >
53-->src/main/AndroidManifest.xml:42:9-44
54        <uses-library
54-->src/main/AndroidManifest.xml:44:9-88
55            android:name="org.apache.http.legacy"
55-->src/main/AndroidManifest.xml:44:23-60
56            android:required="false" />
56-->src/main/AndroidManifest.xml:44:61-85
57
58        <provider
59            android:name="androidx.core.content.FileProvider"
59-->src/main/AndroidManifest.xml:47:13-62
60            android:authorities="org.inaturalist.android.fileProvider"
60-->src/main/AndroidManifest.xml:48:13-64
61            android:exported="false"
61-->src/main/AndroidManifest.xml:49:13-37
62            android:grantUriPermissions="true" >
62-->src/main/AndroidManifest.xml:50:13-47
63            <meta-data
63-->src/main/AndroidManifest.xml:51:13-53:64
64                android:name="android.support.FILE_PROVIDER_PATHS"
64-->src/main/AndroidManifest.xml:52:17-67
65                android:resource="@xml/file_paths" />
65-->src/main/AndroidManifest.xml:53:17-51
66        </provider>
67
68        <meta-data
68-->src/main/AndroidManifest.xml:56:9-58:37
69            android:name="firebase_crashlytics_collection_enabled"
69-->src/main/AndroidManifest.xml:57:13-67
70            android:value="false" />
70-->src/main/AndroidManifest.xml:58:13-34
71        <meta-data
71-->src/main/AndroidManifest.xml:60:9-62:69
72            android:name="com.google.android.gms.version"
72-->src/main/AndroidManifest.xml:61:13-58
73            android:value="@integer/google_play_services_version" />
73-->src/main/AndroidManifest.xml:62:13-66
74        <meta-data
74-->src/main/AndroidManifest.xml:63:9-65:54
75            android:name="com.google.android.maps.v2.API_KEY"
75-->src/main/AndroidManifest.xml:64:13-62
76            android:value="@string/gmaps2_api_key" />
76-->src/main/AndroidManifest.xml:65:13-51
77
78        <activity
78-->src/main/AndroidManifest.xml:67:9-74:20
79            android:name="org.inaturalist.android.TutorialActivity"
79-->src/main/AndroidManifest.xml:68:13-45
80            android:configChanges="orientation"
80-->src/main/AndroidManifest.xml:69:13-48
81            android:label="iNaturalist" >
81-->src/main/AndroidManifest.xml:70:13-40
82            <meta-data
82-->src/main/AndroidManifest.xml:71:13-73:60
83                android:name="android.support.PARENT_ACTIVITY"
83-->src/main/AndroidManifest.xml:72:17-63
84                android:value=".ObservationListActivity" />
84-->src/main/AndroidManifest.xml:73:17-57
85        </activity>
86        <activity
86-->src/main/AndroidManifest.xml:75:9-81:20
87            android:name="org.inaturalist.android.DataQualityAssessment"
87-->src/main/AndroidManifest.xml:76:13-50
88            android:configChanges="orientation" >
88-->src/main/AndroidManifest.xml:77:13-48
89            <meta-data
89-->src/main/AndroidManifest.xml:71:13-73:60
90                android:name="android.support.PARENT_ACTIVITY"
90-->src/main/AndroidManifest.xml:72:17-63
91                android:value=".ObservationViewerActivity" />
91-->src/main/AndroidManifest.xml:73:17-57
92        </activity>
93        <activity
93-->src/main/AndroidManifest.xml:82:9-89:20
94            android:name="org.inaturalist.android.GuideDetails"
94-->src/main/AndroidManifest.xml:83:13-41
95            android:configChanges="orientation"
95-->src/main/AndroidManifest.xml:84:13-48
96            android:label="@string/guides" >
96-->src/main/AndroidManifest.xml:85:13-43
97            <meta-data
97-->src/main/AndroidManifest.xml:71:13-73:60
98                android:name="android.support.PARENT_ACTIVITY"
98-->src/main/AndroidManifest.xml:72:17-63
99                android:value=".GuidesActivity" />
99-->src/main/AndroidManifest.xml:73:17-57
100        </activity>
101        <activity
101-->src/main/AndroidManifest.xml:90:9-93:52
102            android:name="org.inaturalist.android.UserActivity"
102-->src/main/AndroidManifest.xml:91:13-41
103            android:configChanges="orientation"
103-->src/main/AndroidManifest.xml:92:13-48
104            android:label="iNaturalist" />
104-->src/main/AndroidManifest.xml:93:13-40
105        <activity
105-->src/main/AndroidManifest.xml:94:9-101:20
106            android:name="org.inaturalist.android.GuideTaxonActivity"
106-->src/main/AndroidManifest.xml:95:13-47
107            android:configChanges="orientation"
107-->src/main/AndroidManifest.xml:96:13-48
108            android:label="iNaturalist" >
108-->src/main/AndroidManifest.xml:97:13-40
109            <meta-data
109-->src/main/AndroidManifest.xml:71:13-73:60
110                android:name="android.support.PARENT_ACTIVITY"
110-->src/main/AndroidManifest.xml:72:17-63
111                android:value=".GuideDetails" />
111-->src/main/AndroidManifest.xml:73:17-57
112        </activity>
113        <activity
113-->src/main/AndroidManifest.xml:102:9-155:20
114            android:name="org.inaturalist.android.UserProfile"
114-->src/main/AndroidManifest.xml:103:13-40
115            android:configChanges="orientation"
115-->src/main/AndroidManifest.xml:104:13-48
116            android:theme="@style/Theme.AppCompat.Light.NoActionBar"
116-->src/main/AndroidManifest.xml:105:13-69
117            android:windowActionBar="false" >
117-->src/main/AndroidManifest.xml:106:13-44
118            <intent-filter>
118-->src/main/AndroidManifest.xml:107:13-153:29
119                <action android:name="android.intent.action.VIEW" />
119-->src/main/AndroidManifest.xml:108:17-68
119-->src/main/AndroidManifest.xml:108:25-66
120
121                <category android:name="android.intent.category.DEFAULT" />
121-->src/main/AndroidManifest.xml:110:17-75
121-->src/main/AndroidManifest.xml:110:27-73
122                <category android:name="android.intent.category.BROWSABLE" />
122-->src/main/AndroidManifest.xml:111:17-77
122-->src/main/AndroidManifest.xml:111:27-75
123
124                <data
124-->src/main/AndroidManifest.xml:113:17-116:45
125                    android:host="*.inaturalist.org"
125-->src/main/AndroidManifest.xml:114:21-53
126                    android:pathPattern="/people/.*"
126-->src/main/AndroidManifest.xml:115:21-53
127                    android:scheme="https" />
127-->src/main/AndroidManifest.xml:116:21-43
128                <data
128-->src/main/AndroidManifest.xml:113:17-116:45
129                    android:host="*.naturalista.mx"
129-->src/main/AndroidManifest.xml:114:21-53
130                    android:pathPattern="/people/.*"
130-->src/main/AndroidManifest.xml:115:21-53
131                    android:scheme="https" />
131-->src/main/AndroidManifest.xml:116:21-43
132                <data
132-->src/main/AndroidManifest.xml:113:17-116:45
133                    android:host="*.inaturalist.nz"
133-->src/main/AndroidManifest.xml:114:21-53
134                    android:pathPattern="/people/.*"
134-->src/main/AndroidManifest.xml:115:21-53
135                    android:scheme="https" />
135-->src/main/AndroidManifest.xml:116:21-43
136                <data
136-->src/main/AndroidManifest.xml:113:17-116:45
137                    android:host="inaturalist.nz"
137-->src/main/AndroidManifest.xml:114:21-53
138                    android:pathPattern="/people/.*"
138-->src/main/AndroidManifest.xml:115:21-53
139                    android:scheme="https" />
139-->src/main/AndroidManifest.xml:116:21-43
140                <data
140-->src/main/AndroidManifest.xml:113:17-116:45
141                    android:host="*.inaturalist.ca"
141-->src/main/AndroidManifest.xml:114:21-53
142                    android:pathPattern="/people/.*"
142-->src/main/AndroidManifest.xml:115:21-53
143                    android:scheme="https" />
143-->src/main/AndroidManifest.xml:116:21-43
144                <data
144-->src/main/AndroidManifest.xml:113:17-116:45
145                    android:host="*.biodiversity4all.org"
145-->src/main/AndroidManifest.xml:114:21-53
146                    android:pathPattern="/people/.*"
146-->src/main/AndroidManifest.xml:115:21-53
147                    android:scheme="https" />
147-->src/main/AndroidManifest.xml:116:21-43
148                <data
148-->src/main/AndroidManifest.xml:113:17-116:45
149                    android:host="inaturalist.ala.org.au"
149-->src/main/AndroidManifest.xml:114:21-53
150                    android:pathPattern="/people/.*"
150-->src/main/AndroidManifest.xml:115:21-53
151                    android:scheme="https" />
151-->src/main/AndroidManifest.xml:116:21-43
152                <data
152-->src/main/AndroidManifest.xml:113:17-116:45
153                    android:host="*.argentinat.org"
153-->src/main/AndroidManifest.xml:114:21-53
154                    android:pathPattern="/people/.*"
154-->src/main/AndroidManifest.xml:115:21-53
155                    android:scheme="https" />
155-->src/main/AndroidManifest.xml:116:21-43
156                <data
156-->src/main/AndroidManifest.xml:113:17-116:45
157                    android:host="inaturalist.laji.fi"
157-->src/main/AndroidManifest.xml:114:21-53
158                    android:pathPattern="/people/.*"
158-->src/main/AndroidManifest.xml:115:21-53
159                    android:scheme="https" />
159-->src/main/AndroidManifest.xml:116:21-43
160                <data
160-->src/main/AndroidManifest.xml:113:17-116:45
161                    android:host="*.naturalist.se"
161-->src/main/AndroidManifest.xml:114:21-53
162                    android:pathPattern="/people/.*"
162-->src/main/AndroidManifest.xml:115:21-53
163                    android:scheme="https" />
163-->src/main/AndroidManifest.xml:116:21-43
164            </intent-filter>
165        </activity>
166        <activity
166-->src/main/AndroidManifest.xml:156:9-165:20
167            android:name="org.inaturalist.android.ProjectDetails"
167-->src/main/AndroidManifest.xml:157:13-43
168            android:configChanges="orientation"
168-->src/main/AndroidManifest.xml:158:13-48
169            android:label="@string/projects"
169-->src/main/AndroidManifest.xml:159:13-45
170            android:theme="@style/Theme.AppCompat.Light.NoActionBar"
170-->src/main/AndroidManifest.xml:160:13-69
171            android:windowActionBar="false" >
171-->src/main/AndroidManifest.xml:161:13-44
172            <meta-data
172-->src/main/AndroidManifest.xml:71:13-73:60
173                android:name="android.support.PARENT_ACTIVITY"
173-->src/main/AndroidManifest.xml:72:17-63
174                android:value=".ProjectsActivity" />
174-->src/main/AndroidManifest.xml:73:17-57
175        </activity>
176        <activity
176-->src/main/AndroidManifest.xml:166:9-169:57
177            android:name="org.inaturalist.android.ProjectsActivity"
177-->src/main/AndroidManifest.xml:167:13-45
178            android:configChanges="orientation"
178-->src/main/AndroidManifest.xml:168:13-48
179            android:label="@string/projects" />
179-->src/main/AndroidManifest.xml:169:13-45
180        <activity
180-->src/main/AndroidManifest.xml:170:9-173:55
181            android:name="org.inaturalist.android.GuidesActivity"
181-->src/main/AndroidManifest.xml:171:13-43
182            android:configChanges="orientation"
182-->src/main/AndroidManifest.xml:172:13-48
183            android:label="@string/guides" />
183-->src/main/AndroidManifest.xml:173:13-43
184        <activity
184-->src/main/AndroidManifest.xml:174:9-179:67
185            android:name="org.inaturalist.android.ProjectSelectorActivity"
185-->src/main/AndroidManifest.xml:175:13-52
186            android:configChanges="orientation"
186-->src/main/AndroidManifest.xml:176:13-48
187            android:label="iNaturalist"
187-->src/main/AndroidManifest.xml:177:13-40
188            android:theme="@style/iNatAppThemeCustomActionBar"
188-->src/main/AndroidManifest.xml:178:13-63
189            android:windowSoftInputMode="adjustResize" />
189-->src/main/AndroidManifest.xml:179:13-55
190        <activity
190-->src/main/AndroidManifest.xml:180:9-183:55
191            android:name="org.inaturalist.android.IdentificationActivity"
191-->src/main/AndroidManifest.xml:181:13-51
192            android:configChanges="orientation"
192-->src/main/AndroidManifest.xml:182:13-48
193            android:label="@string/add_id" />
193-->src/main/AndroidManifest.xml:183:13-43
194        <activity
194-->src/main/AndroidManifest.xml:184:9-187:52
195            android:name="org.inaturalist.android.TaxonSearchActivity"
195-->src/main/AndroidManifest.xml:185:13-48
196            android:configChanges="orientation"
196-->src/main/AndroidManifest.xml:186:13-48
197            android:label="iNaturalist" />
197-->src/main/AndroidManifest.xml:187:13-40
198        <activity
198-->src/main/AndroidManifest.xml:188:9-192:68
199            android:name="org.inaturalist.android.LoginSignupActivity"
199-->src/main/AndroidManifest.xml:189:13-48
200            android:configChanges="orientation"
200-->src/main/AndroidManifest.xml:190:13-48
201            android:screenOrientation="portrait"
201-->src/main/AndroidManifest.xml:191:13-49
202            android:windowSoftInputMode="adjustNothing" />
202-->src/main/AndroidManifest.xml:192:13-56
203        <activity
203-->src/main/AndroidManifest.xml:193:9-243:20
204            android:name="org.inaturalist.android.ObservationViewerActivity"
204-->src/main/AndroidManifest.xml:194:13-54
205            android:configChanges="orientation" >
205-->src/main/AndroidManifest.xml:195:13-48
206            <intent-filter>
206-->src/main/AndroidManifest.xml:196:13-242:29
207                <action android:name="android.intent.action.VIEW" />
207-->src/main/AndroidManifest.xml:108:17-68
207-->src/main/AndroidManifest.xml:108:25-66
208
209                <category android:name="android.intent.category.DEFAULT" />
209-->src/main/AndroidManifest.xml:110:17-75
209-->src/main/AndroidManifest.xml:110:27-73
210                <category android:name="android.intent.category.BROWSABLE" />
210-->src/main/AndroidManifest.xml:111:17-77
210-->src/main/AndroidManifest.xml:111:27-75
211
212                <data
212-->src/main/AndroidManifest.xml:113:17-116:45
213                    android:host="*.inaturalist.org"
213-->src/main/AndroidManifest.xml:114:21-53
214                    android:pathPattern="/observations/.*"
214-->src/main/AndroidManifest.xml:115:21-53
215                    android:scheme="https" />
215-->src/main/AndroidManifest.xml:116:21-43
216                <data
216-->src/main/AndroidManifest.xml:113:17-116:45
217                    android:host="*.naturalista.mx"
217-->src/main/AndroidManifest.xml:114:21-53
218                    android:pathPattern="/observations/.*"
218-->src/main/AndroidManifest.xml:115:21-53
219                    android:scheme="https" />
219-->src/main/AndroidManifest.xml:116:21-43
220                <data
220-->src/main/AndroidManifest.xml:113:17-116:45
221                    android:host="*.inaturalist.nz"
221-->src/main/AndroidManifest.xml:114:21-53
222                    android:pathPattern="/observations/.*"
222-->src/main/AndroidManifest.xml:115:21-53
223                    android:scheme="https" />
223-->src/main/AndroidManifest.xml:116:21-43
224                <data
224-->src/main/AndroidManifest.xml:113:17-116:45
225                    android:host="inaturalist.nz"
225-->src/main/AndroidManifest.xml:114:21-53
226                    android:pathPattern="/observations/.*"
226-->src/main/AndroidManifest.xml:115:21-53
227                    android:scheme="https" />
227-->src/main/AndroidManifest.xml:116:21-43
228                <data
228-->src/main/AndroidManifest.xml:113:17-116:45
229                    android:host="*.inaturalist.ca"
229-->src/main/AndroidManifest.xml:114:21-53
230                    android:pathPattern="/observations/.*"
230-->src/main/AndroidManifest.xml:115:21-53
231                    android:scheme="https" />
231-->src/main/AndroidManifest.xml:116:21-43
232                <data
232-->src/main/AndroidManifest.xml:113:17-116:45
233                    android:host="*.biodiversity4all.org"
233-->src/main/AndroidManifest.xml:114:21-53
234                    android:pathPattern="/observations/.*"
234-->src/main/AndroidManifest.xml:115:21-53
235                    android:scheme="https" />
235-->src/main/AndroidManifest.xml:116:21-43
236                <data
236-->src/main/AndroidManifest.xml:113:17-116:45
237                    android:host="inaturalist.ala.org.au"
237-->src/main/AndroidManifest.xml:114:21-53
238                    android:pathPattern="/observations/.*"
238-->src/main/AndroidManifest.xml:115:21-53
239                    android:scheme="https" />
239-->src/main/AndroidManifest.xml:116:21-43
240                <data
240-->src/main/AndroidManifest.xml:113:17-116:45
241                    android:host="*.argentinat.org"
241-->src/main/AndroidManifest.xml:114:21-53
242                    android:pathPattern="/observations/.*"
242-->src/main/AndroidManifest.xml:115:21-53
243                    android:scheme="https" />
243-->src/main/AndroidManifest.xml:116:21-43
244                <data
244-->src/main/AndroidManifest.xml:113:17-116:45
245                    android:host="inaturalist.laji.fi"
245-->src/main/AndroidManifest.xml:114:21-53
246                    android:pathPattern="/observations/.*"
246-->src/main/AndroidManifest.xml:115:21-53
247                    android:scheme="https" />
247-->src/main/AndroidManifest.xml:116:21-43
248                <data
248-->src/main/AndroidManifest.xml:113:17-116:45
249                    android:host="*.naturalist.se"
249-->src/main/AndroidManifest.xml:114:21-53
250                    android:pathPattern="/observations/.*"
250-->src/main/AndroidManifest.xml:115:21-53
251                    android:scheme="https" />
251-->src/main/AndroidManifest.xml:116:21-43
252            </intent-filter>
253        </activity>
254        <activity
254-->src/main/AndroidManifest.xml:244:9-247:61
255            android:name="org.inaturalist.android.OnboardingActivity"
255-->src/main/AndroidManifest.xml:245:13-47
256            android:configChanges="orientation"
256-->src/main/AndroidManifest.xml:246:13-48
257            android:screenOrientation="portrait" />
257-->src/main/AndroidManifest.xml:247:13-49
258        <activity
258-->src/main/AndroidManifest.xml:248:9-255:20
259            android:name="org.inaturalist.android.ObservationListActivity"
259-->src/main/AndroidManifest.xml:249:13-52
260            android:configChanges="orientation"
260-->src/main/AndroidManifest.xml:250:13-48
261            android:label="iNaturalist" >
261-->src/main/AndroidManifest.xml:251:13-40
262            <intent-filter>
262-->src/main/AndroidManifest.xml:252:13-254:29
263                <category android:name="android.intent.category.LAUNCHER" />
263-->src/main/AndroidManifest.xml:253:17-77
263-->src/main/AndroidManifest.xml:253:27-74
264            </intent-filter>
265        </activity>
266
267        <activity-alias
267-->src/main/AndroidManifest.xml:454:9-464:26
268            android:name="org.inaturalist.android.ObservationListActivity.inaturalistse"
268-->src/main/AndroidManifest.xml:455:13-66
269            android:configChanges="orientation"
269-->src/main/AndroidManifest.xml:457:13-48
270            android:enabled="false"
270-->src/main/AndroidManifest.xml:458:13-36
271            android:label="@string/network_inaturalistse"
271-->src/main/AndroidManifest.xml:459:13-58
272            android:targetActivity="org.inaturalist.android.ObservationListActivity" >
272-->src/main/AndroidManifest.xml:456:13-62
273            <intent-filter>
273-->src/main/AndroidManifest.xml:262:13-265:29
274                <action android:name="android.intent.action.MAIN" />
274-->src/main/AndroidManifest.xml:263:17-69
274-->src/main/AndroidManifest.xml:263:25-66
275
276                <category android:name="android.intent.category.LAUNCHER" />
276-->src/main/AndroidManifest.xml:253:17-77
276-->src/main/AndroidManifest.xml:253:27-74
277            </intent-filter>
278        </activity-alias>
279        <activity-alias
279-->src/main/AndroidManifest.xml:443:9-453:26
280            android:name="org.inaturalist.android.ObservationListActivity.inaturalistgt"
280-->src/main/AndroidManifest.xml:444:13-66
281            android:configChanges="orientation"
281-->src/main/AndroidManifest.xml:446:13-48
282            android:enabled="false"
282-->src/main/AndroidManifest.xml:447:13-36
283            android:label="@string/network_inaturalistgt"
283-->src/main/AndroidManifest.xml:448:13-58
284            android:targetActivity="org.inaturalist.android.ObservationListActivity" >
284-->src/main/AndroidManifest.xml:445:13-62
285            <intent-filter>
285-->src/main/AndroidManifest.xml:262:13-265:29
286                <action android:name="android.intent.action.MAIN" />
286-->src/main/AndroidManifest.xml:263:17-69
286-->src/main/AndroidManifest.xml:263:25-66
287
288                <category android:name="android.intent.category.LAUNCHER" />
288-->src/main/AndroidManifest.xml:253:17-77
288-->src/main/AndroidManifest.xml:253:27-74
289            </intent-filter>
290        </activity-alias>
291        <activity-alias
291-->src/main/AndroidManifest.xml:432:9-442:26
292            android:name="org.inaturalist.android.ObservationListActivity.inaturalistcr"
292-->src/main/AndroidManifest.xml:433:13-66
293            android:configChanges="orientation"
293-->src/main/AndroidManifest.xml:435:13-48
294            android:enabled="false"
294-->src/main/AndroidManifest.xml:436:13-36
295            android:label="@string/network_inaturalistcr"
295-->src/main/AndroidManifest.xml:437:13-58
296            android:targetActivity="org.inaturalist.android.ObservationListActivity" >
296-->src/main/AndroidManifest.xml:434:13-62
297            <intent-filter>
297-->src/main/AndroidManifest.xml:262:13-265:29
298                <action android:name="android.intent.action.MAIN" />
298-->src/main/AndroidManifest.xml:263:17-69
298-->src/main/AndroidManifest.xml:263:25-66
299
300                <category android:name="android.intent.category.LAUNCHER" />
300-->src/main/AndroidManifest.xml:253:17-77
300-->src/main/AndroidManifest.xml:253:27-74
301            </intent-filter>
302        </activity-alias>
303        <activity-alias
303-->src/main/AndroidManifest.xml:421:9-431:26
304            android:name="org.inaturalist.android.ObservationListActivity.argentinat"
304-->src/main/AndroidManifest.xml:422:13-63
305            android:configChanges="orientation"
305-->src/main/AndroidManifest.xml:424:13-48
306            android:enabled="false"
306-->src/main/AndroidManifest.xml:425:13-36
307            android:label="@string/network_argentinat"
307-->src/main/AndroidManifest.xml:426:13-55
308            android:targetActivity="org.inaturalist.android.ObservationListActivity" >
308-->src/main/AndroidManifest.xml:423:13-62
309            <intent-filter>
309-->src/main/AndroidManifest.xml:262:13-265:29
310                <action android:name="android.intent.action.MAIN" />
310-->src/main/AndroidManifest.xml:263:17-69
310-->src/main/AndroidManifest.xml:263:25-66
311
312                <category android:name="android.intent.category.LAUNCHER" />
312-->src/main/AndroidManifest.xml:253:17-77
312-->src/main/AndroidManifest.xml:253:27-74
313            </intent-filter>
314        </activity-alias>
315        <activity-alias
315-->src/main/AndroidManifest.xml:410:9-420:26
316            android:name="org.inaturalist.android.ObservationListActivity.inaturalistil"
316-->src/main/AndroidManifest.xml:411:13-66
317            android:configChanges="orientation"
317-->src/main/AndroidManifest.xml:413:13-48
318            android:enabled="false"
318-->src/main/AndroidManifest.xml:414:13-36
319            android:label="@string/network_inaturalistil"
319-->src/main/AndroidManifest.xml:415:13-58
320            android:targetActivity="org.inaturalist.android.ObservationListActivity" >
320-->src/main/AndroidManifest.xml:412:13-62
321            <intent-filter>
321-->src/main/AndroidManifest.xml:262:13-265:29
322                <action android:name="android.intent.action.MAIN" />
322-->src/main/AndroidManifest.xml:263:17-69
322-->src/main/AndroidManifest.xml:263:25-66
323
324                <category android:name="android.intent.category.LAUNCHER" />
324-->src/main/AndroidManifest.xml:253:17-77
324-->src/main/AndroidManifest.xml:253:27-74
325            </intent-filter>
326        </activity-alias>
327        <activity-alias
327-->src/main/AndroidManifest.xml:399:9-409:26
328            android:name="org.inaturalist.android.ObservationListActivity.inaturalistuk"
328-->src/main/AndroidManifest.xml:400:13-66
329            android:configChanges="orientation"
329-->src/main/AndroidManifest.xml:402:13-48
330            android:enabled="false"
330-->src/main/AndroidManifest.xml:403:13-36
331            android:label="@string/network_inaturalistuk"
331-->src/main/AndroidManifest.xml:404:13-58